<?xml version="1.0" encoding="UTF-8"?>
<!-- Generated by org.testng.reporters.JUnitXMLReporter -->
<testsuite ignored="1" hostname="DESKTOP-5FK85S7" failures="0" tests="3" name="MyName" time="35.262" errors="0" timestamp="2024-03-11T17:24:09 IST">
  <testcase classname="com.TestNGDemos.D05Amazon" name="clickOnBestSellers" time="3.962"/>
  <testcase classname="com.TestNGDemos.D05Amazon" name="clickOnMobiles" time="3.294"/>
  <testcase classname="com.TestNGDemos.D05Amazon" name="clickOnElectronics" time="13.109"/>
  <testcase classname="com.TestNGDemos.D05Amazon" name="clickOnTodaysDeal" time="0.0">
    <ignored/>
  </testcase> <!-- clickOnTodaysDeal -->
</testsuite> <!-- MyName -->
