<?xml version="1.0" encoding="UTF-8"?>
<!-- Generated by org.testng.reporters.JUnitXMLReporter -->
<testsuite ignored="3" hostname="DESKTOP-5FK85S7" failures="0" tests="1" name="MyTest" time="11.991" errors="0" timestamp="2024-03-26T17:19:39 IST">
  <testcase classname="com.TestNGDemos.D05Amazon" name="clickOnMobiles" time="3.677"/>
  <testcase classname="com.TestNGDemos.D05Amazon" name="clickOnElectronics" time="0.0">
    <ignored/>
  </testcase> <!-- clickOnElectronics -->
  <testcase classname="com.TestNGDemos.D05Amazon" name="clickOnTodaysDeal" time="0.0">
    <ignored/>
  </testcase> <!-- clickOnTodaysDeal -->
  <testcase classname="com.TestNGDemos.D05Amazon" name="clickOnBestSellers" time="0.0">
    <ignored/>
  </testcase> <!-- clickOnBestSellers -->
</testsuite> <!-- MyTest -->
