<?xml version="1.0" encoding="UTF-8"?>
<testng-results ignored="3" total="4" passed="1" failed="0" skipped="0">
  <reporter-output>
  </reporter-output>
  <suite started-at="2024-03-26T17:19:27 IST" name="MySuite" finished-at="2024-03-26T17:19:39 IST" duration-ms="11991">
    <groups>
      <group name="Gadgets">
        <method signature="D05Amazon.clickOnMobiles()[pri:2, instance:com.TestNGDemos.D05Amazon@647e447]" name="clickOnMobiles" class="com.TestNGDemos.D05Amazon"/>
      </group> <!-- Gadgets -->
    </groups>
    <test started-at="2024-03-26T17:19:27 IST" name="MyTest" finished-at="2024-03-26T17:19:39 IST" duration-ms="11991">
      <class name="com.TestNGDemos.D05Amazon">
        <test-method is-config="true" signature="openBrowser()[pri:0, instance:com.TestNGDemos.D05Amazon@647e447]" started-at="2024-03-26T17:19:27 IST" name="openBrowser" finished-at="2024-03-26T17:19:31 IST" duration-ms="4212" status="PASS">
          <reporter-output>
          </reporter-output>
        </test-method> <!-- openBrowser -->
        <test-method is-config="true" signature="openAmazon()[pri:0, instance:com.TestNGDemos.D05Amazon@647e447]" started-at="2024-03-26T17:19:31 IST" name="openAmazon" finished-at="2024-03-26T17:19:35 IST" duration-ms="3518" status="PASS">
          <reporter-output>
          </reporter-output>
        </test-method> <!-- openAmazon -->
        <test-method signature="clickOnMobiles()[pri:2, instance:com.TestNGDemos.D05Amazon@647e447]" started-at="2024-03-26T17:19:35 IST" name="clickOnMobiles" finished-at="2024-03-26T17:19:38 IST" duration-ms="3677" status="PASS">
          <reporter-output>
          </reporter-output>
        </test-method> <!-- clickOnMobiles -->
        <test-method is-config="true" signature="closeBrowser()[pri:0, instance:com.TestNGDemos.D05Amazon@647e447]" started-at="2024-03-26T17:19:38 IST" name="closeBrowser" finished-at="2024-03-26T17:19:39 IST" duration-ms="530" status="PASS">
          <reporter-output>
          </reporter-output>
        </test-method> <!-- closeBrowser -->
      </class> <!-- com.TestNGDemos.D05Amazon -->
    </test> <!-- MyTest -->
  </suite> <!-- MySuite -->
</testng-results>
