<?xml version="1.0" encoding="UTF-8"?>
<!-- Generated by org.testng.reporters.JUnitXMLReporter -->
<testsuite ignored="2" hostname="DESKTOP-5FK85S7" failures="0" tests="2" name="My Name" time="30.662" errors="0" timestamp="2024-03-11T17:28:56 IST">
  <testcase classname="com.TestNGDemos.D05Amazon" name="clickOnMobiles" time="4.747"/>
  <testcase classname="com.TestNGDemos.D05Amazon" name="clickOnElectronics" time="14.138"/>
  <testcase classname="com.TestNGDemos.D05Amazon" name="clickOnTodaysDeal" time="0.0">
    <ignored/>
  </testcase> <!-- clickOnTodaysDeal -->
  <testcase classname="com.TestNGDemos.D05Amazon" name="clickOnBestSellers" time="0.0">
    <ignored/>
  </testcase> <!-- clickOnBestSellers -->
</testsuite> <!-- My Name -->
