<?xml version="1.0" encoding="UTF-8"?>
<!-- Generated by org.testng.reporters.JUnitXMLReporter -->
<testsuite ignored="2" hostname="DESKTOP-5FK85S7" failures="2" tests="2" name="MyName" time="0.253" errors="0" timestamp="2024-03-10T16:18:18 IST">
  <testcase classname="com.TestNGDemos.D05Amazon" name="clickOnMobiles" time="0.082">
    <failure type="java.lang.NullPointerException" message="Cannot invoke &amp;quot;org.openqa.selenium.WebDriver.findElement(org.openqa.selenium.By)&amp;quot; because &amp;quot;this.driver&amp;quot; is null">
      <![CDATA[java.lang.NullPointerException: Cannot invoke "org.openqa.selenium.WebDriver.findElement(org.openqa.selenium.By)" because "this.driver" is null
at com.TestNGDemos.D05Amazon.clickOnMobiles(D05Amazon.java:24)
at java.base/java.util.ArrayList.forEach(ArrayList.java:1511)
... Removed 27 stack frames]]>
    </failure>
  </testcase> <!-- clickOnMobiles -->
  <testcase classname="com.TestNGDemos.D05Amazon" name="clickOnElectronics" time="0.014">
    <failure type="java.lang.NullPointerException" message="Cannot invoke &amp;quot;org.openqa.selenium.WebDriver.findElement(org.openqa.selenium.By)&amp;quot; because &amp;quot;this.driver&amp;quot; is null">
      <![CDATA[java.lang.NullPointerException: Cannot invoke "org.openqa.selenium.WebDriver.findElement(org.openqa.selenium.By)" because "this.driver" is null
at com.TestNGDemos.D05Amazon.clickOnElectronics(D05Amazon.java:34)
at java.base/java.util.ArrayList.forEach(ArrayList.java:1511)
... Removed 27 stack frames]]>
    </failure>
  </testcase> <!-- clickOnElectronics -->
  <testcase classname="com.TestNGDemos.D05Amazon" name="clickOnTodaysDeal" time="0.0">
    <ignored/>
  </testcase> <!-- clickOnTodaysDeal -->
  <testcase classname="com.TestNGDemos.D05Amazon" name="clickOnBestSellers" time="0.0">
    <ignored/>
  </testcase> <!-- clickOnBestSellers -->
</testsuite> <!-- MyName -->
